# JRE version: OpenJDK Runtime Environment (20.0.2) (build 20.0.2-internal-adhoc..src)
# Java VM: OpenJDK 64-Bit Server VM (20.0.2-internal-adhoc..src, mixed mode, sharing, tiered, compressed oops, compressed class ptrs, g1 gc, linux-amd64)
GC Precious Log:
 CardTable entry size: 512
 Card Set container configuration: InlinePtr #cards 5 size 8 Array Of Cards #cards 12 size 40 Howl #buckets 4 coarsen threshold 1843 Howl Bitmap #cards 512 size 80 coarsen threshold 460 Card regions per heap region 1 cards per card region 2048
 CPUs: 256 total, 2 available
 Memory: 2200M
 Large Page Support: Disabled
 NUMA Support: Disabled
 Compressed Oops: Enabled (32-bit)
 Heap Region Size: 1M
 Heap Min Capacity: 250M
 Heap Initial Capacity: 250M
 Heap Max Capacity: 250M
 Pre-touch: Disabled
 Parallel Workers: 1
 Concurrent Workers: 1
 Concurrent Refinement Workers: 1
 Periodic GC: Disabled
Heap:
 garbage-first heap   total 256000K, used 115696K [0x00000000f0600000, 0x0000000100000000)
  region size 1024K, 83 young (84992K), 5 survivors (5120K)
 Metaspace       used 7539K, committed 7808K, reserved 1114112K
  class space    used 772K, committed 896K, reserved 1048576K
GC Heap History (18 events):
Event: 1.557 GC heap before
{Heap before GC invocations=0 (full 0):
 garbage-first heap   total 256000K, used 13296K [0x00000000f0600000, 0x0000000100000000)
  region size 1024K, 12 young (12288K), 0 survivors (0K)
 Metaspace       used 2246K, committed 2432K, reserved 1114112K
  class space    used 233K, committed 320K, reserved 1048576K
}
Event: 1.562 GC heap after
{Heap after GC invocations=1 (full 0):
 garbage-first heap   total 256000K, used 5616K [0x00000000f0600000, 0x0000000100000000)
  region size 1024K, 2 young (2048K), 2 survivors (2048K)
 Metaspace       used 2246K, committed 2432K, reserved 1114112K
  class space    used 233K, committed 320K, reserved 1048576K
}
Event: 1.651 GC heap before
{Heap before GC invocations=1 (full 0):
 garbage-first heap   total 256000K, used 15856K [0x00000000f0600000, 0x0000000100000000)
  region size 1024K, 12 young (12288K), 2 survivors (2048K)
 Metaspace       used 2299K, committed 2432K, reserved 1114112K
  class space    used 236K, committed 320K, reserved 1048576K
}
Event: 1.655 GC heap after
{Heap after GC invocations=2 (full 0):
 garbage-first heap   total 256000K, used 9176K [0x00000000f0600000, 0x0000000100000000)
  region size 1024K, 2 young (2048K), 2 survivors (2048K)
 Metaspace       used 2299K, committed 2432K, reserved 1114112K
  class space    used 236K, committed 320K, reserved 1048576K
}
Event: 1.705 GC heap before
{Heap before GC invocations=2 (full 0):
 garbage-first heap   total 256000K, used 19416K [0x00000000f0600000, 0x0000000100000000)
  region size 1024K, 12 young (12288K), 2 survivors (2048K)
 Metaspace       used 2301K, committed 2432K, reserved 1114112K
  class space    used 236K, committed 320K, reserved 1048576K
}
Event: 1.708 GC heap after
{Heap after GC invocations=3 (full 0):
 garbage-first heap   total 256000K, used 12272K [0x00000000f0600000, 0x0000000100000000)
  region size 1024K, 2 young (2048K), 2 survivors (2048K)
 Metaspace       used 2301K, committed 2432K, reserved 1114112K
  class space    used 236K, committed 320K, reserved 1048576K
}
Event: 1.749 GC heap before
{Heap before GC invocations=3 (full 0):
 garbage-first heap   total 256000K, used 22512K [0x00000000f0600000, 0x0000000100000000)
  region size 1024K, 12 young (12288K), 2 survivors (2048K)
 Metaspace       used 2301K, committed 2432K, reserved 1114112K
  class space    used 236K, committed 320K, reserved 1048576K
}
Event: 1.751 GC heap after
{Heap after GC invocations=4 (full 0):
 garbage-first heap   total 256000K, used 14832K [0x00000000f0600000, 0x0000000100000000)
  region size 1024K, 2 young (2048K), 2 survivors (2048K)
 Metaspace       used 2301K, committed 2432K, reserved 1114112K
  class space    used 236K, committed 320K, reserved 1048576K
}
Event: 1.803 GC heap before
{Heap before GC invocations=4 (full 0):
 garbage-first heap   total 256000K, used 26096K [0x00000000f0600000, 0x0000000100000000)
  region size 1024K, 13 young (13312K), 2 survivors (2048K)
 Metaspace       used 2301K, committed 2432K, reserved 1114112K
  class space    used 236K, committed 320K, reserved 1048576K
}
Event: 1.805 GC heap after
{Heap after GC invocations=5 (full 0):
 garbage-first heap   total 256000K, used 17382K [0x00000000f0600000, 0x0000000100000000)
  region size 1024K, 2 young (2048K), 2 survivors (2048K)
 Metaspace       used 2301K, committed 2432K, reserved 1114112K
  class space    used 236K, committed 320K, reserved 1048576K
}
Event: 1.913 GC heap before
{Heap before GC invocations=5 (full 0):
 garbage-first heap   total 256000K, used 36838K [0x00000000f0600000, 0x0000000100000000)
  region size 1024K, 21 young (21504K), 2 survivors (2048K)
 Metaspace       used 2301K, committed 2432K, reserved 1114112K
  class space    used 236K, committed 320K, reserved 1048576K
}
Event: 1.918 GC heap after
{Heap after GC invocations=6 (full 0):
 garbage-first heap   total 256000K, used 20944K [0x00000000f0600000, 0x0000000100000000)
  region size 1024K, 3 young (3072K), 3 survivors (3072K)
 Metaspace       used 2301K, committed 2432K, reserved 1114112K
  class space    used 236K, committed 320K, reserved 1048576K
}
Event: 2.004 GC heap before
{Heap before GC invocations=6 (full 0):
 garbage-first heap   total 256000K, used 42448K [0x00000000f0600000, 0x0000000100000000)
  region size 1024K, 24 young (24576K), 3 survivors (3072K)
 Metaspace       used 2301K, committed 2432K, reserved 1114112K
  class space    used 236K, committed 320K, reserved 1048576K
}
Event: 2.010 GC heap after
{Heap after GC invocations=7 (full 0):
 garbage-first heap   total 256000K, used 24560K [0x00000000f0600000, 0x0000000100000000)
  region size 1024K, 3 young (3072K), 3 survivors (3072K)
 Metaspace       used 2301K, committed 2432K, reserved 1114112K
  class space    used 236K, committed 320K, reserved 1048576K
}
Event: 2.104 GC heap before
{Heap before GC invocations=7 (full 0):
 garbage-first heap   total 256000K, used 48112K [0x00000000f0600000, 0x0000000100000000)
  region size 1024K, 26 young (26624K), 3 survivors (3072K)
 Metaspace       used 2301K, committed 2432K, reserved 1114112K
  class space    used 236K, committed 320K, reserved 1048576K
}
Event: 2.109 GC heap after
{Heap after GC invocations=8 (full 0):
 garbage-first heap   total 256000K, used 28656K [0x00000000f0600000, 0x0000000100000000)
  region size 1024K, 4 young (4096K), 4 survivors (4096K)
 Metaspace       used 2301K, committed 2432K, reserved 1114112K
  class space    used 236K, committed 320K, reserved 1048576K
}
Event: 2.230 GC heap before
{Heap before GC invocations=8 (full 0):
 garbage-first heap   total 256000K, used 64496K [0x00000000f0600000, 0x0000000100000000)
  region size 1024K, 39 young (39936K), 4 survivors (4096K)
 Metaspace       used 2301K, committed 2432K, reserved 1114112K
  class space    used 236K, committed 320K, reserved 1048576K
}
Event: 2.236 GC heap after
{Heap after GC invocations=9 (full 0):
 garbage-first heap   total 256000K, used 33776K [0x00000000f0600000, 0x0000000100000000)
  region size 1024K, 5 young (5120K), 5 survivors (5120K)
 Metaspace       used 2301K, committed 2432K, reserved 1114112K
  class space    used 236K, committed 320K, reserved 1048576K
}

